<?xml version="1.0" encoding="UTF-8"?>
<coverage generated="1779960559035" clover="3.2.0">
  <project timestamp="1779960559035" name="All files">
    <metrics statements="73" coveredstatements="63" conditionals="20" coveredconditionals="15" methods="25" coveredmethods="18" elements="118" coveredelements="96" complexity="0" loc="73" ncloc="73" packages="1" files="7" classes="7"/>
    <file name="AuthBar.tsx" path="/Users/hellodev/Desktop/orsys/src/components/AuthBar.tsx">
      <metrics statements="24" coveredstatements="21" conditionals="4" coveredconditionals="4" methods="8" coveredmethods="6"/>
      <line num="1" count="1" type="stmt"/>
      <line num="2" count="1" type="stmt"/>
      <line num="3" count="1" type="stmt"/>
      <line num="5" count="1" type="stmt"/>
      <line num="6" count="5" type="stmt"/>
      <line num="7" count="5" type="stmt"/>
      <line num="8" count="5" type="stmt"/>
      <line num="9" count="5" type="stmt"/>
      <line num="11" count="5" type="stmt"/>
      <line num="12" count="1" type="stmt"/>
      <line num="13" count="1" type="stmt"/>
      <line num="14" count="1" type="stmt"/>
      <line num="15" count="1" type="stmt"/>
      <line num="18" count="5" type="cond" truecount="4" falsecount="0"/>
      <line num="32" count="4" type="stmt"/>
      <line num="33" count="0" type="stmt"/>
      <line num="34" count="0" type="stmt"/>
      <line num="44" count="1" type="stmt"/>
      <line num="51" count="0" type="stmt"/>
      <line num="56" count="1" type="stmt"/>
      <line num="57" count="1" type="stmt"/>
      <line num="78" count="1" type="stmt"/>
      <line num="88" count="1" type="stmt"/>
      <line num="100" count="1" type="stmt"/>
    </file>
    <file name="Header.tsx" path="/Users/hellodev/Desktop/orsys/src/components/Header.tsx">
      <metrics statements="1" coveredstatements="1" conditionals="0" coveredconditionals="0" methods="1" coveredmethods="1"/>
      <line num="15" count="1" type="stmt"/>
    </file>
    <file name="LocalUsersSection.tsx" path="/Users/hellodev/Desktop/orsys/src/components/LocalUsersSection.tsx">
      <metrics statements="5" coveredstatements="0" conditionals="2" coveredconditionals="0" methods="4" coveredmethods="0"/>
      <line num="7" count="0" type="stmt"/>
      <line num="9" count="0" type="stmt"/>
      <line num="10" count="0" type="stmt"/>
      <line num="15" count="0" type="stmt"/>
      <line num="26" count="0" type="stmt"/>
    </file>
    <file name="MainForm.tsx" path="/Users/hellodev/Desktop/orsys/src/components/MainForm.tsx">
      <metrics statements="12" coveredstatements="12" conditionals="0" coveredconditionals="0" methods="4" coveredmethods="4"/>
      <line num="1" count="1" type="stmt"/>
      <line num="8" count="1" type="stmt"/>
      <line num="9" count="4" type="stmt"/>
      <line num="10" count="4" type="stmt"/>
      <line num="12" count="4" type="stmt"/>
      <line num="13" count="1" type="stmt"/>
      <line num="15" count="1" type="stmt"/>
      <line num="17" count="1" type="stmt"/>
      <line num="18" count="1" type="stmt"/>
      <line num="32" count="1" type="stmt"/>
      <line num="44" count="1" type="stmt"/>
      <line num="56" count="1" type="stmt"/>
    </file>
    <file name="Modal.tsx" path="/Users/hellodev/Desktop/orsys/src/components/Modal.tsx">
      <metrics statements="17" coveredstatements="15" conditionals="6" coveredconditionals="4" methods="5" coveredmethods="4"/>
      <line num="1" count="2" type="stmt"/>
      <line num="2" count="2" type="stmt"/>
      <line num="11" count="2" type="stmt"/>
      <line num="12" count="6" type="stmt"/>
      <line num="13" count="6" type="cond" truecount="2" falsecount="0"/>
      <line num="14" count="1" type="stmt"/>
      <line num="17" count="5" type="stmt"/>
      <line num="18" count="0" type="cond" truecount="0" falsecount="2"/>
      <line num="19" count="0" type="stmt"/>
      <line num="23" count="5" type="stmt"/>
      <line num="25" count="5" type="stmt"/>
      <line num="26" count="5" type="stmt"/>
      <line num="30" count="6" type="cond" truecount="2" falsecount="0"/>
      <line num="31" count="1" type="stmt"/>
      <line num="34" count="5" type="stmt"/>
      <line num="41" count="2" type="stmt"/>
      <line num="60" count="6" type="stmt"/>
    </file>
    <file name="UserCard.tsx" path="/Users/hellodev/Desktop/orsys/src/components/UserCard.tsx">
      <metrics statements="2" coveredstatements="2" conditionals="0" coveredconditionals="0" methods="1" coveredmethods="1"/>
      <line num="7" count="1" type="stmt"/>
      <line num="16" count="1" type="stmt"/>
    </file>
    <file name="UsersPanel.tsx" path="/Users/hellodev/Desktop/orsys/src/components/UsersPanel.tsx">
      <metrics statements="12" coveredstatements="12" conditionals="8" coveredconditionals="7" methods="2" coveredmethods="2"/>
      <line num="1" count="1" type="stmt"/>
      <line num="2" count="1" type="stmt"/>
      <line num="5" count="1" type="stmt"/>
      <line num="7" count="1" type="stmt"/>
      <line num="8" count="4" type="stmt"/>
      <line num="9" count="4" type="cond" truecount="2" falsecount="0"/>
      <line num="10" count="4" type="stmt"/>
      <line num="12" count="4" type="cond" truecount="2" falsecount="0"/>
      <line num="22" count="3" type="cond" truecount="2" falsecount="0"/>
      <line num="30" count="2" type="cond" truecount="1" falsecount="1"/>
      <line num="43" count="1" type="stmt"/>
      <line num="52" count="2" type="stmt"/>
    </file>
  </project>
</coverage>
