{
    "C:\\Users\\stagiaire\\vite-project\\src\\components\\Header.tsx": {
        "path": "C:\\Users\\stagiaire\\vite-project\\src\\components\\Header.tsx",
        "statementMap": {
            "0": {
                "start": { "line": 15, "column": 0 },
                "end": { "line": 15, "column": 15 }
            },
            "1": {
                "start": { "line": 15, "column": 15 },
                "end": { "line": 15, "column": null }
            }
        },
        "fnMap": {
            "0": {
                "name": "Header",
                "decl": {
                    "start": { "line": 6, "column": 9 },
                    "end": { "line": 6, "column": 16 }
                },
                "loc": {
                    "start": { "line": 6, "column": 48 },
                    "end": { "line": 13, "column": null }
                }
            }
        },
        "branchMap": {},
        "s": { "0": 1, "1": 1 },
        "f": { "0": 1 },
        "b": {}
    },
    "C:\\Users\\stagiaire\\vite-project\\src\\components\\MainForm.tsx": {
        "path": "C:\\Users\\stagiaire\\vite-project\\src\\components\\MainForm.tsx",
        "statementMap": {
            "0": {
                "start": { "line": 56, "column": 0 },
                "end": { "line": 56, "column": 15 }
            },
            "1": {
                "start": { "line": 1, "column": 25 },
                "end": { "line": 1, "column": null }
            },
            "2": {
                "start": { "line": 8, "column": 17 },
                "end": { "line": 54, "column": null }
            },
            "3": {
                "start": { "line": 9, "column": 28 },
                "end": { "line": 9, "column": null }
            },
            "4": {
                "start": { "line": 10, "column": 30 },
                "end": { "line": 10, "column": null }
            },
            "5": {
                "start": { "line": 12, "column": 25 },
                "end": { "line": 19, "column": null }
            },
            "6": {
                "start": { "line": 13, "column": 8 },
                "end": { "line": 13, "column": null }
            },
            "7": {
                "start": { "line": 15, "column": 8 },
                "end": { "line": 15, "column": null }
            },
            "8": {
                "start": { "line": 17, "column": 8 },
                "end": { "line": 17, "column": null }
            },
            "9": {
                "start": { "line": 18, "column": 8 },
                "end": { "line": 18, "column": null }
            },
            "10": {
                "start": { "line": 32, "column": 45 },
                "end": { "line": 32, "column": null }
            },
            "11": {
                "start": { "line": 44, "column": 45 },
                "end": { "line": 44, "column": null }
            },
            "12": {
                "start": { "line": 56, "column": 15 },
                "end": { "line": 56, "column": null }
            }
        },
        "fnMap": {
            "0": {
                "name": "(anonymous_1)",
                "decl": {
                    "start": { "line": 8, "column": 17 },
                    "end": { "line": 8, "column": 18 }
                },
                "loc": {
                    "start": { "line": 8, "column": 45 },
                    "end": { "line": 54, "column": null }
                }
            },
            "1": {
                "name": "(anonymous_2)",
                "decl": {
                    "start": { "line": 12, "column": 25 },
                    "end": { "line": 12, "column": 26 }
                },
                "loc": {
                    "start": { "line": 12, "column": 26 },
                    "end": { "line": 19, "column": null }
                }
            },
            "2": {
                "name": "(anonymous_3)",
                "decl": {
                    "start": { "line": 32, "column": 34 },
                    "end": { "line": 32, "column": 35 }
                },
                "loc": {
                    "start": { "line": 32, "column": 45 },
                    "end": { "line": 32, "column": null }
                }
            },
            "3": {
                "name": "(anonymous_4)",
                "decl": {
                    "start": { "line": 44, "column": 34 },
                    "end": { "line": 44, "column": 35 }
                },
                "loc": {
                    "start": { "line": 44, "column": 45 },
                    "end": { "line": 44, "column": null }
                }
            }
        },
        "branchMap": {},
        "s": {
            "0": 1,
            "1": 1,
            "2": 1,
            "3": 4,
            "4": 4,
            "5": 4,
            "6": 1,
            "7": 1,
            "8": 1,
            "9": 1,
            "10": 1,
            "11": 1,
            "12": 1
        },
        "f": { "0": 4, "1": 1, "2": 1, "3": 1 },
        "b": {}
    },
    "C:\\Users\\stagiaire\\vite-project\\src\\components\\UserCard.tsx": {
        "path": "C:\\Users\\stagiaire\\vite-project\\src\\components\\UserCard.tsx",
        "statementMap": {
            "0": {
                "start": { "line": 16, "column": 0 },
                "end": { "line": 16, "column": 15 }
            },
            "1": {
                "start": { "line": 7, "column": 17 },
                "end": { "line": 14, "column": null }
            },
            "2": {
                "start": { "line": 16, "column": 15 },
                "end": { "line": 16, "column": null }
            }
        },
        "fnMap": {
            "0": {
                "name": "(anonymous_1)",
                "decl": {
                    "start": { "line": 7, "column": 17 },
                    "end": { "line": 7, "column": 18 }
                },
                "loc": {
                    "start": { "line": 7, "column": 41 },
                    "end": { "line": 14, "column": null }
                }
            }
        },
        "branchMap": {},
        "s": { "0": 1, "1": 1, "2": 1 },
        "f": { "0": 1 },
        "b": {}
    }
}
