TN:
SF:src/components/AuthBar.tsx
FN:5,(anonymous_2)
FN:11,(anonymous_3)
FN:32,(anonymous_4)
FN:44,(anonymous_5)
FN:51,(anonymous_6)
FN:55,(anonymous_7)
FN:78,(anonymous_8)
FN:88,(anonymous_9)
FNF:8
FNH:6
FNDA:5,(anonymous_2)
FNDA:1,(anonymous_3)
FNDA:0,(anonymous_4)
FNDA:1,(anonymous_5)
FNDA:0,(anonymous_6)
FNDA:1,(anonymous_7)
FNDA:1,(anonymous_8)
FNDA:1,(anonymous_9)
DA:1,1
DA:2,1
DA:3,1
DA:5,1
DA:6,5
DA:7,5
DA:8,5
DA:9,5
DA:11,5
DA:12,1
DA:13,1
DA:14,1
DA:15,1
DA:18,5
DA:32,4
DA:33,0
DA:34,0
DA:44,1
DA:51,0
DA:56,1
DA:57,1
DA:78,1
DA:88,1
DA:100,1
LF:24
LH:21
BRDA:18,0,0,1
BRDA:18,0,1,4
BRDA:18,1,0,5
BRDA:18,1,1,1
BRF:4
BRH:4
end_of_record
TN:
SF:src/components/Header.tsx
FN:6,Header
FNF:1
FNH:1
FNDA:1,Header
DA:15,1
LF:1
LH:1
BRF:0
BRH:0
end_of_record
TN:
SF:src/components/LocalUsersSection.tsx
FN:6,LocalUsersSection
FN:9,(anonymous_1)
FN:15,(anonymous_2)
FN:26,(anonymous_3)
FNF:4
FNH:0
FNDA:0,LocalUsersSection
FNDA:0,(anonymous_1)
FNDA:0,(anonymous_2)
FNDA:0,(anonymous_3)
DA:7,0
DA:9,0
DA:10,0
DA:15,0
DA:26,0
LF:5
LH:0
BRDA:23,0,0,0
BRDA:23,0,1,0
BRF:2
BRH:0
end_of_record
TN:
SF:src/components/MainForm.tsx
FN:8,(anonymous_1)
FN:12,(anonymous_2)
FN:32,(anonymous_3)
FN:44,(anonymous_4)
FNF:4
FNH:4
FNDA:4,(anonymous_1)
FNDA:1,(anonymous_2)
FNDA:1,(anonymous_3)
FNDA:1,(anonymous_4)
DA:1,1
DA:8,1
DA:9,4
DA:10,4
DA:12,4
DA:13,1
DA:15,1
DA:17,1
DA:18,1
DA:32,1
DA:44,1
DA:56,1
LF:12
LH:12
BRF:0
BRH:0
end_of_record
TN:
SF:src/components/Modal.tsx
FN:11,(anonymous_1)
FN:12,(anonymous_2)
FN:17,(anonymous_3)
FN:25,(anonymous_4)
FN:41,(anonymous_5)
FNF:5
FNH:4
FNDA:6,(anonymous_1)
FNDA:6,(anonymous_2)
FNDA:0,(anonymous_3)
FNDA:5,(anonymous_4)
FNDA:2,(anonymous_5)
DA:1,2
DA:2,2
DA:11,2
DA:12,6
DA:13,6
DA:14,1
DA:17,5
DA:18,0
DA:19,0
DA:23,5
DA:25,5
DA:26,5
DA:30,6
DA:31,1
DA:34,5
DA:41,2
DA:60,6
LF:17
LH:15
BRDA:13,0,0,1
BRDA:13,0,1,5
BRDA:18,1,0,0
BRDA:18,1,1,0
BRDA:30,2,0,1
BRDA:30,2,1,5
BRF:6
BRH:4
end_of_record
TN:
SF:src/components/UserCard.tsx
FN:7,(anonymous_1)
FNF:1
FNH:1
FNDA:1,(anonymous_1)
DA:7,1
DA:16,1
LF:2
LH:2
BRF:0
BRH:0
end_of_record
TN:
SF:src/components/UsersPanel.tsx
FN:7,(anonymous_1)
FN:42,(anonymous_2)
FNF:2
FNH:2
FNDA:4,(anonymous_1)
FNDA:1,(anonymous_2)
DA:1,1
DA:2,1
DA:5,1
DA:7,1
DA:8,4
DA:9,4
DA:10,4
DA:12,4
DA:22,3
DA:30,2
DA:43,1
DA:52,2
LF:12
LH:12
BRDA:9,0,0,3
BRDA:9,0,1,1
BRDA:12,1,0,1
BRDA:12,1,1,3
BRDA:22,2,0,1
BRDA:22,2,1,2
BRDA:30,3,0,0
BRDA:30,3,1,2
BRF:8
BRH:7
end_of_record
