TN:
SF:src\components\Header.tsx
FN:6,Header
FNF:1
FNH:1
FNDA:1,Header
DA:15,1
LF:1
LH:1
BRF:0
BRH:0
end_of_record
TN:
SF:src\components\MainForm.tsx
FN:8,(anonymous_1)
FN:12,(anonymous_2)
FN:32,(anonymous_3)
FN:44,(anonymous_4)
FNF:4
FNH:4
FNDA:4,(anonymous_1)
FNDA:1,(anonymous_2)
FNDA:1,(anonymous_3)
FNDA:1,(anonymous_4)
DA:1,1
DA:8,1
DA:9,4
DA:10,4
DA:12,4
DA:13,1
DA:15,1
DA:17,1
DA:18,1
DA:32,1
DA:44,1
DA:56,1
LF:12
LH:12
BRF:0
BRH:0
end_of_record
TN:
SF:src\components\UserCard.tsx
FN:7,(anonymous_1)
FNF:1
FNH:1
FNDA:1,(anonymous_1)
DA:7,1
DA:16,1
LF:2
LH:2
BRF:0
BRH:0
end_of_record
